{"C:\\Users\\sarus\\Desktop\\futureproof\\Lap-2\\ProHabits\\ProHabits_repo\\api\\controllers\\habits.js": {"path":"C:\\Users\\sarus\\Desktop\\futureproof\\Lap-2\\ProHabits\\ProHabits_repo\\api\\controllers\\habits.js","statementMap":{"0":{"start":{"line":1,"column":14},"end":{"line":1,"column":40}},"1":{"start":{"line":33,"column":4},"end":{"line":38,"column":5}},"2":{"start":{"line":34,"column":23},"end":{"line":34,"column":38}},"3":{"start":{"line":35,"column":8},"end":{"line":35,"column":36}},"4":{"start":{"line":37,"column":8},"end":{"line":37,"column":37}},"5":{"start":{"line":43,"column":4},"end":{"line":48,"column":5}},"6":{"start":{"line":44,"column":23},"end":{"line":44,"column":69}},"7":{"start":{"line":45,"column":8},"end":{"line":45,"column":38}},"8":{"start":{"line":47,"column":8},"end":{"line":47,"column":38}},"9":{"start":{"line":53,"column":4},"end":{"line":58,"column":5}},"10":{"start":{"line":54,"column":23},"end":{"line":54,"column":64}},"11":{"start":{"line":55,"column":8},"end":{"line":55,"column":36}},"12":{"start":{"line":57,"column":8},"end":{"line":57,"column":37}},"13":{"start":{"line":63,"column":4},"end":{"line":73,"column":5}},"14":{"start":{"line":64,"column":24},"end":{"line":64,"column":70}},"15":{"start":{"line":65,"column":8},"end":{"line":65,"column":31}},"16":{"start":{"line":66,"column":8},"end":{"line":66,"column":30}},"17":{"start":{"line":68,"column":8},"end":{"line":72,"column":9}},"18":{"start":{"line":69,"column":12},"end":{"line":69,"column":39}},"19":{"start":{"line":71,"column":12},"end":{"line":71,"column":39}},"20":{"start":{"line":76,"column":0},"end":{"line":76,"column":68}}},"fnMap":{"0":{"name":"getAllHabits","decl":{"start":{"line":32,"column":15},"end":{"line":32,"column":27}},"loc":{"start":{"line":32,"column":39},"end":{"line":39,"column":1}},"line":32},"1":{"name":"showHabit","decl":{"start":{"line":42,"column":15},"end":{"line":42,"column":24}},"loc":{"start":{"line":42,"column":36},"end":{"line":49,"column":1}},"line":42},"2":{"name":"createHabit","decl":{"start":{"line":52,"column":15},"end":{"line":52,"column":26}},"loc":{"start":{"line":52,"column":38},"end":{"line":59,"column":1}},"line":52},"3":{"name":"deleteHabit","decl":{"start":{"line":62,"column":15},"end":{"line":62,"column":26}},"loc":{"start":{"line":62,"column":37},"end":{"line":74,"column":1}},"line":62}},"branchMap":{"0":{"loc":{"start":{"line":68,"column":8},"end":{"line":72,"column":9}},"type":"if","locations":[{"start":{"line":68,"column":8},"end":{"line":72,"column":9}},{"start":{"line":70,"column":15},"end":{"line":72,"column":9}}],"line":68}},"s":{"0":1,"1":1,"2":1,"3":1,"4":0,"5":1,"6":1,"7":1,"8":0,"9":1,"10":1,"11":0,"12":1,"13":0,"14":0,"15":0,"16":0,"17":0,"18":0,"19":0,"20":1},"f":{"0":1,"1":1,"2":1,"3":0},"b":{"0":[0,0]},"_coverageSchema":"1a1c01bbd47fc00a2c39e90264f33305004495a9","hash":"e733a7be4531c99bd16ee63ad36c204b79b3c603"}
,"C:\\Users\\sarus\\Desktop\\futureproof\\Lap-2\\ProHabits\\ProHabits_repo\\api\\controllers\\users.js": {"path":"C:\\Users\\sarus\\Desktop\\futureproof\\Lap-2\\ProHabits\\ProHabits_repo\\api\\controllers\\users.js","statementMap":{"0":{"start":{"line":1,"column":13},"end":{"line":1,"column":38}},"1":{"start":{"line":5,"column":4},"end":{"line":10,"column":5}},"2":{"start":{"line":6,"column":22},"end":{"line":6,"column":36}},"3":{"start":{"line":7,"column":8},"end":{"line":7,"column":36}},"4":{"start":{"line":9,"column":8},"end":{"line":9,"column":38}},"5":{"start":{"line":15,"column":4},"end":{"line":20,"column":5}},"6":{"start":{"line":16,"column":21},"end":{"line":16,"column":67}},"7":{"start":{"line":17,"column":8},"end":{"line":17,"column":35}},"8":{"start":{"line":19,"column":8},"end":{"line":19,"column":38}},"9":{"start":{"line":23,"column":0},"end":{"line":23,"column":33}}},"fnMap":{"0":{"name":"index","decl":{"start":{"line":4,"column":15},"end":{"line":4,"column":20}},"loc":{"start":{"line":4,"column":32},"end":{"line":11,"column":1}},"line":4},"1":{"name":"show","decl":{"start":{"line":14,"column":15},"end":{"line":14,"column":19}},"loc":{"start":{"line":14,"column":31},"end":{"line":21,"column":1}},"line":14}},"branchMap":{},"s":{"0":1,"1":1,"2":1,"3":1,"4":0,"5":1,"6":1,"7":1,"8":0,"9":1},"f":{"0":1,"1":1},"b":{},"_coverageSchema":"1a1c01bbd47fc00a2c39e90264f33305004495a9","hash":"ecf28d18496db79a5bfeb4b48916d49e9fc21bed"}
,"C:\\Users\\sarus\\Desktop\\futureproof\\Lap-2\\ProHabits\\ProHabits_repo\\api\\dbconfig\\init.js": {"path":"C:\\Users\\sarus\\Desktop\\futureproof\\Lap-2\\ProHabits\\ProHabits_repo\\api\\dbconfig\\init.js","statementMap":{"0":{"start":{"line":1,"column":17},"end":{"line":1,"column":30}},"1":{"start":{"line":15,"column":13},"end":{"line":15,"column":23}},"2":{"start":{"line":17,"column":0},"end":{"line":17,"column":22}}},"fnMap":{},"branchMap":{},"s":{"0":4,"1":4,"2":4},"f":{},"b":{},"_coverageSchema":"1a1c01bbd47fc00a2c39e90264f33305004495a9","hash":"1d349d53279495e4a303caa35b5fbf8acf19648a"}
,"C:\\Users\\sarus\\Desktop\\futureproof\\Lap-2\\ProHabits\\ProHabits_repo\\api\\models\\Habit.js": {"path":"C:\\Users\\sarus\\Desktop\\futureproof\\Lap-2\\ProHabits\\ProHabits_repo\\api\\models\\Habit.js","statementMap":{"0":{"start":{"line":1,"column":11},"end":{"line":1,"column":38}},"1":{"start":{"line":7,"column":8},"end":{"line":7,"column":37}},"2":{"start":{"line":8,"column":8},"end":{"line":8,"column":29}},"3":{"start":{"line":9,"column":8},"end":{"line":9,"column":35}},"4":{"start":{"line":10,"column":8},"end":{"line":10,"column":43}},"5":{"start":{"line":11,"column":8},"end":{"line":11,"column":39}},"6":{"start":{"line":12,"column":8},"end":{"line":12,"column":35}},"7":{"start":{"line":17,"column":8},"end":{"line":25,"column":10}},"8":{"start":{"line":18,"column":12},"end":{"line":24,"column":13}},"9":{"start":{"line":19,"column":31},"end":{"line":19,"column":69}},"10":{"start":{"line":20,"column":34},"end":{"line":20,"column":68}},"11":{"start":{"line":20,"column":55},"end":{"line":20,"column":67}},"12":{"start":{"line":21,"column":16},"end":{"line":21,"column":34}},"13":{"start":{"line":23,"column":16},"end":{"line":23,"column":63}},"14":{"start":{"line":31,"column":8},"end":{"line":39,"column":10}},"15":{"start":{"line":32,"column":12},"end":{"line":38,"column":13}},"16":{"start":{"line":33,"column":31},"end":{"line":33,"column":102}},"17":{"start":{"line":34,"column":28},"end":{"line":34,"column":53}},"18":{"start":{"line":35,"column":16},"end":{"line":35,"column":30}},"19":{"start":{"line":37,"column":16},"end":{"line":37,"column":60}},"20":{"start":{"line":44,"column":8},"end":{"line":54,"column":10}},"21":{"start":{"line":45,"column":12},"end":{"line":53,"column":13}},"22":{"start":{"line":46,"column":33},"end":{"line":46,"column":104}},"23":{"start":{"line":47,"column":27},"end":{"line":47,"column":43}},"24":{"start":{"line":48,"column":37},"end":{"line":48,"column":195}},"25":{"start":{"line":49,"column":31},"end":{"line":49,"column":62}},"26":{"start":{"line":50,"column":16},"end":{"line":50,"column":33}},"27":{"start":{"line":52,"column":16},"end":{"line":52,"column":60}},"28":{"start":{"line":59,"column":8},"end":{"line":66,"column":10}},"29":{"start":{"line":60,"column":12},"end":{"line":65,"column":13}},"30":{"start":{"line":61,"column":16},"end":{"line":61,"column":91}},"31":{"start":{"line":62,"column":16},"end":{"line":62,"column":53}},"32":{"start":{"line":64,"column":16},"end":{"line":64,"column":58}},"33":{"start":{"line":70,"column":0},"end":{"line":70,"column":22}}},"fnMap":{"0":{"name":"(anonymous_0)","decl":{"start":{"line":6,"column":4},"end":{"line":6,"column":5}},"loc":{"start":{"line":6,"column":21},"end":{"line":13,"column":5}},"line":6},"1":{"name":"(anonymous_1)","decl":{"start":{"line":16,"column":4},"end":{"line":16,"column":5}},"loc":{"start":{"line":16,"column":20},"end":{"line":26,"column":5}},"line":16},"2":{"name":"(anonymous_2)","decl":{"start":{"line":17,"column":27},"end":{"line":17,"column":28}},"loc":{"start":{"line":17,"column":54},"end":{"line":25,"column":9}},"line":17},"3":{"name":"(anonymous_3)","decl":{"start":{"line":20,"column":50},"end":{"line":20,"column":51}},"loc":{"start":{"line":20,"column":55},"end":{"line":20,"column":67}},"line":20},"4":{"name":"(anonymous_4)","decl":{"start":{"line":30,"column":4},"end":{"line":30,"column":5}},"loc":{"start":{"line":30,"column":34},"end":{"line":40,"column":5}},"line":30},"5":{"name":"(anonymous_5)","decl":{"start":{"line":31,"column":27},"end":{"line":31,"column":28}},"loc":{"start":{"line":31,"column":54},"end":{"line":39,"column":9}},"line":31},"6":{"name":"(anonymous_6)","decl":{"start":{"line":43,"column":4},"end":{"line":43,"column":5}},"loc":{"start":{"line":43,"column":64},"end":{"line":55,"column":5}},"line":43},"7":{"name":"(anonymous_7)","decl":{"start":{"line":44,"column":27},"end":{"line":44,"column":28}},"loc":{"start":{"line":44,"column":54},"end":{"line":54,"column":9}},"line":44},"8":{"name":"(anonymous_8)","decl":{"start":{"line":58,"column":4},"end":{"line":58,"column":5}},"loc":{"start":{"line":58,"column":12},"end":{"line":67,"column":5}},"line":58},"9":{"name":"(anonymous_9)","decl":{"start":{"line":59,"column":28},"end":{"line":59,"column":29}},"loc":{"start":{"line":59,"column":55},"end":{"line":66,"column":9}},"line":59}},"branchMap":{},"s":{"0":2,"1":2,"2":2,"3":2,"4":2,"5":2,"6":2,"7":0,"8":0,"9":0,"10":0,"11":0,"12":0,"13":0,"14":0,"15":0,"16":0,"17":0,"18":0,"19":0,"20":0,"21":0,"22":0,"23":0,"24":0,"25":0,"26":0,"27":0,"28":0,"29":0,"30":0,"31":0,"32":0,"33":2},"f":{"0":2,"1":0,"2":0,"3":0,"4":0,"5":0,"6":0,"7":0,"8":0,"9":0},"b":{},"_coverageSchema":"1a1c01bbd47fc00a2c39e90264f33305004495a9","hash":"04d8113e2413ab0e59bf608aea8ff8c229bd46f0"}
,"C:\\Users\\sarus\\Desktop\\futureproof\\Lap-2\\ProHabits\\ProHabits_repo\\api\\models\\User.js": {"path":"C:\\Users\\sarus\\Desktop\\futureproof\\Lap-2\\ProHabits\\ProHabits_repo\\api\\models\\User.js","statementMap":{"0":{"start":{"line":5,"column":11},"end":{"line":5,"column":38}},"1":{"start":{"line":6,"column":12},"end":{"line":6,"column":43}},"2":{"start":{"line":10,"column":8},"end":{"line":10,"column":25}},"3":{"start":{"line":11,"column":8},"end":{"line":11,"column":37}},"4":{"start":{"line":12,"column":8},"end":{"line":12,"column":31}},"5":{"start":{"line":13,"column":8},"end":{"line":13,"column":51}},"6":{"start":{"line":18,"column":8},"end":{"line":26,"column":10}},"7":{"start":{"line":19,"column":10},"end":{"line":25,"column":11}},"8":{"start":{"line":20,"column":27},"end":{"line":20,"column":68}},"9":{"start":{"line":21,"column":26},"end":{"line":21,"column":59}},"10":{"start":{"line":21,"column":47},"end":{"line":21,"column":58}},"11":{"start":{"line":22,"column":12},"end":{"line":22,"column":27}},"12":{"start":{"line":24,"column":12},"end":{"line":24,"column":57}},"13":{"start":{"line":31,"column":8},"end":{"line":42,"column":10}},"14":{"start":{"line":32,"column":12},"end":{"line":41,"column":13}},"15":{"start":{"line":33,"column":16},"end":{"line":33,"column":37}},"16":{"start":{"line":34,"column":29},"end":{"line":34,"column":101}},"17":{"start":{"line":35,"column":16},"end":{"line":35,"column":38}},"18":{"start":{"line":36,"column":29},"end":{"line":36,"column":53}},"19":{"start":{"line":37,"column":16},"end":{"line":37,"column":42}},"20":{"start":{"line":38,"column":16},"end":{"line":38,"column":30}},"21":{"start":{"line":40,"column":16},"end":{"line":40,"column":64}},"22":{"start":{"line":47,"column":8},"end":{"line":60,"column":11}},"23":{"start":{"line":48,"column":12},"end":{"line":58,"column":13}},"24":{"start":{"line":50,"column":31},"end":{"line":50,"column":161}},"25":{"start":{"line":53,"column":16},"end":{"line":53,"column":45}},"26":{"start":{"line":54,"column":29},"end":{"line":54,"column":55}},"27":{"start":{"line":55,"column":16},"end":{"line":55,"column":30}},"28":{"start":{"line":57,"column":16},"end":{"line":57,"column":58}},"29":{"start":{"line":68,"column":0},"end":{"line":68,"column":22}}},"fnMap":{"0":{"name":"(anonymous_0)","decl":{"start":{"line":9,"column":4},"end":{"line":9,"column":5}},"loc":{"start":{"line":9,"column":21},"end":{"line":14,"column":5}},"line":9},"1":{"name":"(anonymous_1)","decl":{"start":{"line":17,"column":4},"end":{"line":17,"column":5}},"loc":{"start":{"line":17,"column":21},"end":{"line":27,"column":5}},"line":17},"2":{"name":"(anonymous_2)","decl":{"start":{"line":18,"column":27},"end":{"line":18,"column":28}},"loc":{"start":{"line":18,"column":54},"end":{"line":26,"column":9}},"line":18},"3":{"name":"(anonymous_3)","decl":{"start":{"line":21,"column":42},"end":{"line":21,"column":43}},"loc":{"start":{"line":21,"column":47},"end":{"line":21,"column":58}},"line":21},"4":{"name":"(anonymous_4)","decl":{"start":{"line":30,"column":4},"end":{"line":30,"column":5}},"loc":{"start":{"line":30,"column":35},"end":{"line":43,"column":5}},"line":30},"5":{"name":"(anonymous_5)","decl":{"start":{"line":31,"column":28},"end":{"line":31,"column":29}},"loc":{"start":{"line":31,"column":55},"end":{"line":42,"column":9}},"line":31},"6":{"name":"(anonymous_6)","decl":{"start":{"line":46,"column":4},"end":{"line":46,"column":5}},"loc":{"start":{"line":46,"column":49},"end":{"line":61,"column":5}},"line":46},"7":{"name":"(anonymous_7)","decl":{"start":{"line":47,"column":27},"end":{"line":47,"column":28}},"loc":{"start":{"line":47,"column":54},"end":{"line":60,"column":9}},"line":47}},"branchMap":{},"s":{"0":2,"1":2,"2":6,"3":6,"4":6,"5":6,"6":1,"7":1,"8":1,"9":1,"10":3,"11":1,"12":0,"13":1,"14":1,"15":1,"16":1,"17":1,"18":1,"19":1,"20":1,"21":0,"22":0,"23":0,"24":0,"25":0,"26":0,"27":0,"28":0,"29":2},"f":{"0":6,"1":1,"2":1,"3":3,"4":1,"5":1,"6":0,"7":0},"b":{},"_coverageSchema":"1a1c01bbd47fc00a2c39e90264f33305004495a9","hash":"3c41dbcddfc63107fc5ace1002a52b691d4c0759"}
}
