{"/Users/farzana/ProHabits/api/controllers/users.js": {"path":"/Users/farzana/ProHabits/api/controllers/users.js","statementMap":{"0":{"start":{"line":1,"column":13},"end":{"line":1,"column":38}},"1":{"start":{"line":4,"column":4},"end":{"line":9,"column":5}},"2":{"start":{"line":5,"column":22},"end":{"line":5,"column":36}},"3":{"start":{"line":6,"column":8},"end":{"line":6,"column":36}},"4":{"start":{"line":8,"column":8},"end":{"line":8,"column":38}},"5":{"start":{"line":13,"column":4},"end":{"line":18,"column":5}},"6":{"start":{"line":14,"column":21},"end":{"line":14,"column":57}},"7":{"start":{"line":15,"column":8},"end":{"line":15,"column":35}},"8":{"start":{"line":17,"column":8},"end":{"line":17,"column":38}},"9":{"start":{"line":21,"column":0},"end":{"line":21,"column":33}}},"fnMap":{"0":{"name":"index","decl":{"start":{"line":3,"column":15},"end":{"line":3,"column":20}},"loc":{"start":{"line":3,"column":32},"end":{"line":10,"column":1}},"line":3},"1":{"name":"show","decl":{"start":{"line":12,"column":15},"end":{"line":12,"column":19}},"loc":{"start":{"line":12,"column":31},"end":{"line":19,"column":1}},"line":12}},"branchMap":{},"s":{"0":1,"1":1,"2":1,"3":1,"4":0,"5":1,"6":1,"7":1,"8":0,"9":1},"f":{"0":1,"1":1},"b":{},"_coverageSchema":"1a1c01bbd47fc00a2c39e90264f33305004495a9","hash":"785c454a9625a8c7cec0addfea813cd439c3a8d4"}
,"/Users/farzana/ProHabits/api/dbconfig/init.js": {"path":"/Users/farzana/ProHabits/api/dbconfig/init.js","statementMap":{"0":{"start":{"line":1,"column":17},"end":{"line":1,"column":30}},"1":{"start":{"line":3,"column":13},"end":{"line":3,"column":23}},"2":{"start":{"line":5,"column":0},"end":{"line":5,"column":22}}},"fnMap":{},"branchMap":{},"s":{"0":1,"1":1,"2":1},"f":{},"b":{},"_coverageSchema":"1a1c01bbd47fc00a2c39e90264f33305004495a9","hash":"e60877c2f831f085109e4e198b661c4ec949802a"}
,"/Users/farzana/ProHabits/api/models/User.js": {"path":"/Users/farzana/ProHabits/api/models/User.js","statementMap":{"0":{"start":{"line":1,"column":11},"end":{"line":1,"column":38}},"1":{"start":{"line":2,"column":12},"end":{"line":2,"column":43}},"2":{"start":{"line":6,"column":8},"end":{"line":6,"column":25}},"3":{"start":{"line":7,"column":8},"end":{"line":7,"column":37}},"4":{"start":{"line":8,"column":8},"end":{"line":8,"column":51}},"5":{"start":{"line":12,"column":8},"end":{"line":20,"column":10}},"6":{"start":{"line":13,"column":10},"end":{"line":19,"column":11}},"7":{"start":{"line":14,"column":27},"end":{"line":14,"column":68}},"8":{"start":{"line":15,"column":26},"end":{"line":15,"column":59}},"9":{"start":{"line":15,"column":47},"end":{"line":15,"column":58}},"10":{"start":{"line":16,"column":12},"end":{"line":16,"column":27}},"11":{"start":{"line":18,"column":12},"end":{"line":18,"column":57}},"12":{"start":{"line":24,"column":8},"end":{"line":32,"column":10}},"13":{"start":{"line":25,"column":12},"end":{"line":31,"column":13}},"14":{"start":{"line":26,"column":31},"end":{"line":26,"column":96}},"15":{"start":{"line":27,"column":29},"end":{"line":27,"column":53}},"16":{"start":{"line":28,"column":16},"end":{"line":28,"column":30}},"17":{"start":{"line":30,"column":16},"end":{"line":30,"column":64}},"18":{"start":{"line":36,"column":8},"end":{"line":46,"column":11}},"19":{"start":{"line":37,"column":12},"end":{"line":44,"column":13}},"20":{"start":{"line":38,"column":31},"end":{"line":38,"column":143}},"21":{"start":{"line":39,"column":16},"end":{"line":39,"column":78}},"22":{"start":{"line":39,"column":36},"end":{"line":39,"column":78}},"23":{"start":{"line":40,"column":29},"end":{"line":40,"column":53}},"24":{"start":{"line":41,"column":16},"end":{"line":41,"column":30}},"25":{"start":{"line":43,"column":16},"end":{"line":43,"column":58}},"26":{"start":{"line":54,"column":0},"end":{"line":54,"column":22}}},"fnMap":{"0":{"name":"(anonymous_0)","decl":{"start":{"line":5,"column":4},"end":{"line":5,"column":5}},"loc":{"start":{"line":5,"column":21},"end":{"line":9,"column":5}},"line":5},"1":{"name":"(anonymous_1)","decl":{"start":{"line":11,"column":4},"end":{"line":11,"column":5}},"loc":{"start":{"line":11,"column":21},"end":{"line":21,"column":5}},"line":11},"2":{"name":"(anonymous_2)","decl":{"start":{"line":12,"column":27},"end":{"line":12,"column":28}},"loc":{"start":{"line":12,"column":54},"end":{"line":20,"column":9}},"line":12},"3":{"name":"(anonymous_3)","decl":{"start":{"line":15,"column":42},"end":{"line":15,"column":43}},"loc":{"start":{"line":15,"column":47},"end":{"line":15,"column":58}},"line":15},"4":{"name":"(anonymous_4)","decl":{"start":{"line":23,"column":4},"end":{"line":23,"column":5}},"loc":{"start":{"line":23,"column":25},"end":{"line":33,"column":5}},"line":23},"5":{"name":"(anonymous_5)","decl":{"start":{"line":24,"column":28},"end":{"line":24,"column":29}},"loc":{"start":{"line":24,"column":55},"end":{"line":32,"column":9}},"line":24},"6":{"name":"(anonymous_6)","decl":{"start":{"line":35,"column":4},"end":{"line":35,"column":5}},"loc":{"start":{"line":35,"column":42},"end":{"line":47,"column":5}},"line":35},"7":{"name":"(anonymous_7)","decl":{"start":{"line":36,"column":27},"end":{"line":36,"column":28}},"loc":{"start":{"line":36,"column":54},"end":{"line":46,"column":9}},"line":36}},"branchMap":{"0":{"loc":{"start":{"line":39,"column":16},"end":{"line":39,"column":78}},"type":"if","locations":[{"start":{"line":39,"column":16},"end":{"line":39,"column":78}},{"start":{},"end":{}}],"line":39}},"s":{"0":1,"1":1,"2":2,"3":2,"4":2,"5":0,"6":0,"7":0,"8":0,"9":0,"10":0,"11":0,"12":0,"13":0,"14":0,"15":0,"16":0,"17":0,"18":0,"19":0,"20":0,"21":0,"22":0,"23":0,"24":0,"25":0,"26":1},"f":{"0":2,"1":0,"2":0,"3":0,"4":0,"5":0,"6":0,"7":0},"b":{"0":[0,0]},"_coverageSchema":"1a1c01bbd47fc00a2c39e90264f33305004495a9","hash":"8e244bbf60c34d091c68b57744d4f5db2d6980eb"}
}
