TN:
SF:controllers\habits.js
FN:32,getAllHabits
FN:42,showHabit
FN:52,createHabit
FN:62,deleteHabit
FNF:4
FNH:3
FNDA:1,getAllHabits
FNDA:1,showHabit
FNDA:1,createHabit
FNDA:0,deleteHabit
DA:1,1
DA:33,1
DA:34,1
DA:35,1
DA:37,0
DA:43,1
DA:44,1
DA:45,1
DA:47,0
DA:53,1
DA:54,1
DA:55,0
DA:57,1
DA:63,0
DA:64,0
DA:65,0
DA:66,0
DA:68,0
DA:69,0
DA:71,0
DA:76,1
LF:21
LH:11
BRDA:68,0,0,0
BRDA:68,0,1,0
BRF:2
BRH:0
end_of_record
TN:
SF:controllers\users.js
FN:4,index
FN:14,show
FNF:2
FNH:2
FNDA:1,index
FNDA:1,show
DA:1,1
DA:5,1
DA:6,1
DA:7,1
DA:9,0
DA:15,1
DA:16,1
DA:17,1
DA:19,0
DA:23,1
LF:10
LH:8
BRF:0
BRH:0
end_of_record
TN:
SF:dbconfig\init.js
FNF:0
FNH:0
DA:1,4
DA:15,4
DA:17,4
LF:3
LH:3
BRF:0
BRH:0
end_of_record
TN:
SF:models\Habit.js
FN:6,(anonymous_0)
FN:16,(anonymous_1)
FN:17,(anonymous_2)
FN:20,(anonymous_3)
FN:30,(anonymous_4)
FN:31,(anonymous_5)
FN:43,(anonymous_6)
FN:44,(anonymous_7)
FN:58,(anonymous_8)
FN:59,(anonymous_9)
FNF:10
FNH:1
FNDA:2,(anonymous_0)
FNDA:0,(anonymous_1)
FNDA:0,(anonymous_2)
FNDA:0,(anonymous_3)
FNDA:0,(anonymous_4)
FNDA:0,(anonymous_5)
FNDA:0,(anonymous_6)
FNDA:0,(anonymous_7)
FNDA:0,(anonymous_8)
FNDA:0,(anonymous_9)
DA:1,2
DA:7,2
DA:8,2
DA:9,2
DA:10,2
DA:11,2
DA:12,2
DA:17,0
DA:18,0
DA:19,0
DA:20,0
DA:21,0
DA:23,0
DA:31,0
DA:32,0
DA:33,0
DA:34,0
DA:35,0
DA:37,0
DA:44,0
DA:45,0
DA:46,0
DA:47,0
DA:48,0
DA:49,0
DA:50,0
DA:52,0
DA:59,0
DA:60,0
DA:61,0
DA:62,0
DA:64,0
DA:70,2
LF:33
LH:8
BRF:0
BRH:0
end_of_record
TN:
SF:models\User.js
FN:9,(anonymous_0)
FN:17,(anonymous_1)
FN:18,(anonymous_2)
FN:21,(anonymous_3)
FN:30,(anonymous_4)
FN:31,(anonymous_5)
FN:46,(anonymous_6)
FN:47,(anonymous_7)
FNF:8
FNH:6
FNDA:6,(anonymous_0)
FNDA:1,(anonymous_1)
FNDA:1,(anonymous_2)
FNDA:3,(anonymous_3)
FNDA:1,(anonymous_4)
FNDA:1,(anonymous_5)
FNDA:0,(anonymous_6)
FNDA:0,(anonymous_7)
DA:5,2
DA:6,2
DA:10,6
DA:11,6
DA:12,6
DA:13,6
DA:18,1
DA:19,1
DA:20,1
DA:21,3
DA:22,1
DA:24,0
DA:31,1
DA:32,1
DA:33,1
DA:34,1
DA:35,1
DA:36,1
DA:37,1
DA:38,1
DA:40,0
DA:47,0
DA:48,0
DA:50,0
DA:53,0
DA:54,0
DA:55,0
DA:57,0
DA:68,2
LF:29
LH:20
BRF:0
BRH:0
end_of_record
